<?xml version="1.0" encoding="UTF-8"?>
<!-- Generated by org.testng.reporters.JUnitReportReporter -->
<testsuite hostname="DESKTOP-SCH4QJS" failures="0" tests="1" name="com.simplilearn.Testingmedicare.Testcase$test5" time="18.555" errors="0" timestamp="2023-09-11T17:10:14 IST" skipped="0">
  <testcase classname="com.simplilearn.Testingmedicare.Testcase$test5" name="view" time="18.555"/>
</testsuite> <!-- com.simplilearn.Testingmedicare.Testcase$test5 -->
