<?xml version="1.0" encoding="UTF-8"?>
<!-- Generated by org.testng.reporters.JUnitReportReporter -->
<testsuite hostname="DESKTOP-SCH4QJS" failures="0" tests="1" name="com.simplilearn.Testingmedicare.loginuser" time="8.260" errors="0" timestamp="2023-09-11T16:39:33 IST" skipped="0">
  <testcase classname="com.simplilearn.Testingmedicare.loginuser" name="loginuser" time="8.260"/>
</testsuite> <!-- com.simplilearn.Testingmedicare.loginuser -->
