<?xml version="1.0" encoding="UTF-8"?>
<!-- Generated by org.testng.reporters.JUnitReportReporter -->
<testsuite hostname="DESKTOP-SCH4QJS" failures="0" tests="1" name="com.simplilearn.Testingmedicare.homepage" time="8.473" errors="0" timestamp="2023-09-11T16:13:28 IST" skipped="0">
  <testcase classname="com.simplilearn.Testingmedicare.homepage" name="home" time="8.473"/>
</testsuite> <!-- com.simplilearn.Testingmedicare.homepage -->
