<?xml version="1.0" encoding="UTF-8"?>
<!-- Generated by org.testng.reporters.JUnitReportReporter -->
<testsuite hostname="DESKTOP-SCH4QJS" failures="0" tests="1" name="com.simplilearn.Testingmedicare.viewproducts" time="13.019" errors="0" timestamp="2023-09-11T16:40:07 IST" skipped="0">
  <testcase classname="com.simplilearn.Testingmedicare.viewproducts" name="viewproducts" time="13.019"/>
</testsuite> <!-- com.simplilearn.Testingmedicare.viewproducts -->
