<?xml version="1.0" encoding="UTF-8"?>
<!-- Generated by org.testng.reporters.JUnitReportReporter -->
<testsuite hostname="DESKTOP-SCH4QJS" failures="0" tests="1" name="com.simplilearn.Testingmedicare.addtocart" time="22.790" errors="0" timestamp="2023-09-11T16:41:26 IST" skipped="0">
  <testcase classname="com.simplilearn.Testingmedicare.addtocart" name="added" time="22.790"/>
</testsuite> <!-- com.simplilearn.Testingmedicare.addtocart -->
