<?xml version="1.0" encoding="UTF-8"?>
<!-- Generated by org.testng.reporters.JUnitReportReporter -->
<testsuite hostname="DESKTOP-SCH4QJS" failures="0" tests="1" name="com.simplilearn.Testingmedicare.userregister" time="15.967" errors="0" timestamp="2023-09-11T16:35:54 IST" skipped="0">
  <testcase classname="com.simplilearn.Testingmedicare.userregister" name="register1" time="15.967"/>
</testsuite> <!-- com.simplilearn.Testingmedicare.userregister -->
