<?xml version="1.0" encoding="UTF-8"?>
<!-- Generated by org.testng.reporters.JUnitReportReporter -->
<testsuite hostname="DESKTOP-SCH4QJS" failures="0" tests="1" name="com.simplilearn.Testingmedicare.suplierregister" time="16.896" errors="0" timestamp="2023-09-11T16:38:35 IST" skipped="0">
  <testcase classname="com.simplilearn.Testingmedicare.suplierregister" name="register2" time="16.896"/>
</testsuite> <!-- com.simplilearn.Testingmedicare.suplierregister -->
